*********************************************************************
* LD Score Regression (LDSC)
* Version 1.0.0
* (C) 2014-2015 Brendan Bulik-Sullivan and Hilary Finucane
* Broad Institute of MIT and Harvard / MIT Department of Mathematics
* GNU General Public License v3
*********************************************************************
Call: 
./ldsc.py \
--ref-ld-chr /home/orkney_01/mcintosh/ldscore/ldsc/refFiles/eur_w_ld_chr/ \
--out mdd_pain_grade3or4 \
--rg mdd_ldsc.sumstats.gz,pain_grade3or4_ldsc.sumstats.gz \
--w-ld-chr /home/orkney_01/mcintosh/ldscore/ldsc/refFiles/eur_w_ld_chr/ 

Beginning analysis at Thu Nov 12 15:41:51 2015
Reading summary statistics from mdd_ldsc.sumstats.gz ...
Read summary statistics for 893935 SNPs.
Reading reference panel LD Score from /home/orkney_01/mcintosh/ldscore/ldsc/refFiles/eur_w_ld_chr/[1-22] ...
Read reference panel LD Scores for 1293150 SNPs.
Removing partitioned LD Scores with zero variance.
Reading regression weight LD Score from /home/orkney_01/mcintosh/ldscore/ldsc/refFiles/eur_w_ld_chr/[1-22] ...
Read regression weight LD Scores for 1293150 SNPs.
After merging with reference panel LD, 891172 SNPs remain.
After merging with regression SNP LD, 891172 SNPs remain.
Computing rg for phenotype 2/2
Reading summary statistics from pain_grade3or4_ldsc.sumstats.gz ...
Read summary statistics for 1217311 SNPs.
After merging with summary statistics, 891172 SNPs remain.
884160 SNPs with valid alleles.

Heritability of phenotype 1
---------------------------
Total Observed scale h2: 0.1604 (0.0299)
Lambda GC: 1.0741
Mean Chi^2: 1.0782
Intercept: 1.0123 (0.0082)
Ratio: 0.1574 (0.1053)

Heritability of phenotype 2/2
-----------------------------
Total Observed scale h2: 0.0634 (0.0176)
Lambda GC: 1.0405
Mean Chi^2: 1.0313
Intercept: 0.9897 (0.0084)
Ratio < 0 (usually indicates GC correction).

Genetic Covariance
------------------
Total Observed scale gencov: 0.0347 (0.0175)
Mean z1*z2: 0.0148
Intercept: -0.0035 (0.0062)

Genetic Correlation
-------------------
Genetic Correlation: 0.3442 (0.1812)
Z-score: 1.9003
P: 0.0574


Summary of Genetic Correlation Results
                   p1                               p2     rg     se    z      p  h2_obs  h2_obs_se  h2_int  h2_int_se  gcov_int  gcov_int_se
 mdd_ldsc.sumstats.gz  pain_grade3or4_ldsc.sumstats.gz  0.344  0.181  1.9  0.057   0.063      0.018    0.99      0.008    -0.003        0.006

Analysis finished at Thu Nov 12 15:42:01 2015
Total time elapsed: 10.37s
